Wed, Apr 16, 2025  8:46:09 AM: 
 hashmap.c | 14 +++++++++++---
 1 file changed, 11 insertions(+), 3 deletions(-)
Compilation failed
In file included from test.c:4:0:
hashmap.c:12:6: error: expected '=', ',', ';', 'asm' or '__attribute__' before 'struct'
 type struct
      ^~~~~~
hashmap.c:18:3: error: 'HashMap' redeclared as different kind of symbol
 } HashMap;
   ^~~~~~~
hashmap.c:9:24: note: previous declaration of 'HashMap' was here
 typedef struct HashMap HashMap;
                        ^~~~~~~
hashmap.c:43:16: error: expected declaration specifiers or '...' before 'HashMap'
 void insertMap(HashMap * map, char * key, void * value)
                ^~~~~~~
hashmap.c:55:14: error: expected declaration specifiers or '...' before 'HashMap'
 void enlarge(HashMap * map) {
              ^~~~~~~
hashmap.c:62:1: error: unknown type name 'HashMap'
 HashMap * createMap(long capacity) {
 ^~~~~~~
hashmap.c:62:1: note: use 'struct' keyword to refer to the type
hashmap.c:62:11: error: conflicting types for 'createMap'
 HashMap * createMap(long capacity) {
           ^~~~~~~~~
In file included from hashmap.c:6:0,
                 from test.c:4:
hashmap.h:20:11: note: previous declaration of 'createMap' was here
 HashMap * createMap(long capacity);
           ^~~~~~~~~
In file included from test.c:4:0:
hashmap.c:68:15: error: expected declaration specifiers or '...' before 'HashMap'
 void eraseMap(HashMap * map,  char * key) {
               ^~~~~~~
hashmap.c:73:18: error: expected declaration specifiers or '...' before 'HashMap'
 Pair * searchMap(HashMap * map,  char * key) {
                  ^~~~~~~
hashmap.c:79:17: error: expected declaration specifiers or '...' before 'HashMap'
 Pair * firstMap(HashMap * map) {
                 ^~~~~~~
hashmap.c:84:16: error: expected declaration specifiers or '...' before 'HashMap'
 Pair * nextMap(HashMap * map) {
                ^~~~~~~
test.c:41:1: error: unknown type name 'HashMap'
 HashMap* initializeMap(){
 ^~~~~~~
test.c:41:1: note: use 'struct' keyword to refer to the type
test.c: In function 'initializeMap':
test.c:43:15: error: 'map' undeclared (first use in this function)
     HashMap * map = (HashMap *)malloc(sizeof(HashMap));
               ^~~
test.c:43:15: note: each undeclared identifier is reported only once for each function it appears in
test.c:43:31: error: expected expression before ')' token
     HashMap * map = (HashMap *)malloc(sizeof(HashMap));
                               ^
test.c:48:9: error: variable 'hashs' set but not used [-Werror=unused-but-set-variable]
     int hashs[6]={8,7,6,0,4,2}; //using function in hashmap.c
         ^~~~~
test.c: In function 'createMap_test1':
test.c:65:14: error: 'map' undeclared (first use in this function)
     HashMap *map= createMap(10);
              ^~~
test.c: In function 'createMap_test2':
test.c:76:14: error: 'map' undeclared (first use in this function)
     HashMap *map = createMap(10);
              ^~~
test.c: In function 'createMap_test3':
test.c:84:14: error: 'map' undeclared (first use in this function)
     HashMap *map = createMap(10);
              ^~~
test.c: In function 'insert_test1':
test.c:139:14: error: 'map' undeclared (first use in this function)
     HashMap *map = initializeMap();
              ^~~
test.c: In function 'insert_test2':
test.c:169:14: error: 'map' undeclared (first use in this function)
     HashMap *map = initializeMap();
              ^~~
test.c: In function 'insert_test3':
test.c:180:14: error: 'map' undeclared (first use in this function)
     HashMap *map = initializeMap();
              ^~~
test.c: In function 'insert_test4':
test.c:193:14: error: 'map' undeclared (first use in this function)
     HashMap *map = initializeMap();
              ^~~
test.c: In function 'insert_test5':
test.c:218:14: error: 'map' undeclared (first use in this function)
     HashMap *map = initializeMap();
              ^~~
test.c: In function 'search_test1':
test.c:234:14: error: 'map' undeclared (first use in this function)
     HashMap *map = initializeMap();
              ^~~
test.c: In function 'search_test2':
test.c:257:14: error: 'map' undeclared (first use in this function)
     HashMap *map = initializeMap();
              ^~~
test.c: In function 'search_test3':
test.c:277:14: error: 'map' undeclared (first use in this function)
     HashMap *map = initializeMap();
              ^~~
test.c: In function 'erase_test1':
test.c:290:14: error: 'map' undeclared (first use in this function)
     HashMap *map = initializeMap();
              ^~~
test.c: In function 'erase_test2':
test.c:315:14: error: 'map' undeclared (first use in this function)
     HashMap *map = initializeMap();
              ^~~
test.c: In function 'erase_test3':
test.c:331:14: error: 'map' undeclared (first use in this function)
     HashMap *map = initializeMap();
              ^~~
test.c: In function 'first_test':
test.c:346:14: error: 'map' undeclared (first use in this function)
     HashMap *map = initializeMap();
              ^~~
test.c: In function 'next_test':
test.c:390:14: error: 'map' undeclared (first use in this function)
     HashMap *map = initializeMap();
              ^~~
test.c: In function 'enlarge_test':
test.c:426:14: error: 'map' undeclared (first use in this function)
     HashMap *map = initializeMap();
              ^~~
test.c: In function 'initializeMap':
test.c:60:1: error: control reaches end of non-void function [-Werror=return-type]
 }
 ^
cc1.exe: all warnings being treated as errors
eeef3b7
Wed, Apr 16, 2025  8:46:14 AM: 
Compilation failed
In file included from test.c:4:0:
hashmap.c:12:6: error: expected '=', ',', ';', 'asm' or '__attribute__' before 'struct'
 type struct
      ^~~~~~
hashmap.c:18:3: error: 'HashMap' redeclared as different kind of symbol
 } HashMap;
   ^~~~~~~
hashmap.c:9:24: note: previous declaration of 'HashMap' was here
 typedef struct HashMap HashMap;
                        ^~~~~~~
hashmap.c:43:16: error: expected declaration specifiers or '...' before 'HashMap'
 void insertMap(HashMap * map, char * key, void * value)
                ^~~~~~~
hashmap.c:55:14: error: expected declaration specifiers or '...' before 'HashMap'
 void enlarge(HashMap * map) {
              ^~~~~~~
hashmap.c:62:1: error: unknown type name 'HashMap'
 HashMap * createMap(long capacity) {
 ^~~~~~~
hashmap.c:62:1: note: use 'struct' keyword to refer to the type
hashmap.c:62:11: error: conflicting types for 'createMap'
 HashMap * createMap(long capacity) {
           ^~~~~~~~~
In file included from hashmap.c:6:0,
                 from test.c:4:
hashmap.h:20:11: note: previous declaration of 'createMap' was here
 HashMap * createMap(long capacity);
           ^~~~~~~~~
In file included from test.c:4:0:
hashmap.c:68:15: error: expected declaration specifiers or '...' before 'HashMap'
 void eraseMap(HashMap * map,  char * key) {
               ^~~~~~~
hashmap.c:73:18: error: expected declaration specifiers or '...' before 'HashMap'
 Pair * searchMap(HashMap * map,  char * key) {
                  ^~~~~~~
hashmap.c:79:17: error: expected declaration specifiers or '...' before 'HashMap'
 Pair * firstMap(HashMap * map) {
                 ^~~~~~~
hashmap.c:84:16: error: expected declaration specifiers or '...' before 'HashMap'
 Pair * nextMap(HashMap * map) {
                ^~~~~~~
test.c:41:1: error: unknown type name 'HashMap'
 HashMap* initializeMap(){
 ^~~~~~~
test.c:41:1: note: use 'struct' keyword to refer to the type
test.c: In function 'initializeMap':
test.c:43:15: error: 'map' undeclared (first use in this function)
     HashMap * map = (HashMap *)malloc(sizeof(HashMap));
               ^~~
test.c:43:15: note: each undeclared identifier is reported only once for each function it appears in
test.c:43:31: error: expected expression before ')' token
     HashMap * map = (HashMap *)malloc(sizeof(HashMap));
                               ^
test.c:48:9: error: variable 'hashs' set but not used [-Werror=unused-but-set-variable]
     int hashs[6]={8,7,6,0,4,2}; //using function in hashmap.c
         ^~~~~
test.c: In function 'createMap_test1':
test.c:65:14: error: 'map' undeclared (first use in this function)
     HashMap *map= createMap(10);
              ^~~
test.c: In function 'createMap_test2':
test.c:76:14: error: 'map' undeclared (first use in this function)
     HashMap *map = createMap(10);
              ^~~
test.c: In function 'createMap_test3':
test.c:84:14: error: 'map' undeclared (first use in this function)
     HashMap *map = createMap(10);
              ^~~
test.c: In function 'insert_test1':
test.c:139:14: error: 'map' undeclared (first use in this function)
     HashMap *map = initializeMap();
              ^~~
test.c: In function 'insert_test2':
test.c:169:14: error: 'map' undeclared (first use in this function)
     HashMap *map = initializeMap();
              ^~~
test.c: In function 'insert_test3':
test.c:180:14: error: 'map' undeclared (first use in this function)
     HashMap *map = initializeMap();
              ^~~
test.c: In function 'insert_test4':
test.c:193:14: error: 'map' undeclared (first use in this function)
     HashMap *map = initializeMap();
              ^~~
test.c: In function 'insert_test5':
test.c:218:14: error: 'map' undeclared (first use in this function)
     HashMap *map = initializeMap();
              ^~~
test.c: In function 'search_test1':
test.c:234:14: error: 'map' undeclared (first use in this function)
     HashMap *map = initializeMap();
              ^~~
test.c: In function 'search_test2':
test.c:257:14: error: 'map' undeclared (first use in this function)
     HashMap *map = initializeMap();
              ^~~
test.c: In function 'search_test3':
test.c:277:14: error: 'map' undeclared (first use in this function)
     HashMap *map = initializeMap();
              ^~~
test.c: In function 'erase_test1':
test.c:290:14: error: 'map' undeclared (first use in this function)
     HashMap *map = initializeMap();
              ^~~
test.c: In function 'erase_test2':
test.c:315:14: error: 'map' undeclared (first use in this function)
     HashMap *map = initializeMap();
              ^~~
test.c: In function 'erase_test3':
test.c:331:14: error: 'map' undeclared (first use in this function)
     HashMap *map = initializeMap();
              ^~~
test.c: In function 'first_test':
test.c:346:14: error: 'map' undeclared (first use in this function)
     HashMap *map = initializeMap();
              ^~~
test.c: In function 'next_test':
test.c:390:14: error: 'map' undeclared (first use in this function)
     HashMap *map = initializeMap();
              ^~~
test.c: In function 'enlarge_test':
test.c:426:14: error: 'map' undeclared (first use in this function)
     HashMap *map = initializeMap();
              ^~~
test.c: In function 'initializeMap':
test.c:60:1: error: control reaches end of non-void function [-Werror=return-type]
 }
 ^
cc1.exe: all warnings being treated as errors
73b6280
Wed, Apr 16, 2025  8:46:33 AM: 
Compilation failed
In file included from test.c:4:0:
hashmap.c:12:6: error: expected '=', ',', ';', 'asm' or '__attribute__' before 'struct'
 type struct
      ^~~~~~
hashmap.c:18:3: error: 'HashMap' redeclared as different kind of symbol
 } HashMap;
   ^~~~~~~
hashmap.c:9:24: note: previous declaration of 'HashMap' was here
 typedef struct HashMap HashMap;
                        ^~~~~~~
hashmap.c:43:16: error: expected declaration specifiers or '...' before 'HashMap'
 void insertMap(HashMap * map, char * key, void * value)
                ^~~~~~~
hashmap.c:55:14: error: expected declaration specifiers or '...' before 'HashMap'
 void enlarge(HashMap * map) {
              ^~~~~~~
hashmap.c:62:1: error: unknown type name 'HashMap'
 HashMap * createMap(long capacity) {
 ^~~~~~~
hashmap.c:62:1: note: use 'struct' keyword to refer to the type
hashmap.c:62:11: error: conflicting types for 'createMap'
 HashMap * createMap(long capacity) {
           ^~~~~~~~~
In file included from hashmap.c:6:0,
                 from test.c:4:
hashmap.h:20:11: note: previous declaration of 'createMap' was here
 HashMap * createMap(long capacity);
           ^~~~~~~~~
In file included from test.c:4:0:
hashmap.c:68:15: error: expected declaration specifiers or '...' before 'HashMap'
 void eraseMap(HashMap * map,  char * key) {
               ^~~~~~~
hashmap.c:73:18: error: expected declaration specifiers or '...' before 'HashMap'
 Pair * searchMap(HashMap * map,  char * key) {
                  ^~~~~~~
hashmap.c:79:17: error: expected declaration specifiers or '...' before 'HashMap'
 Pair * firstMap(HashMap * map) {
                 ^~~~~~~
hashmap.c:84:16: error: expected declaration specifiers or '...' before 'HashMap'
 Pair * nextMap(HashMap * map) {
                ^~~~~~~
test.c:41:1: error: unknown type name 'HashMap'
 HashMap* initializeMap(){
 ^~~~~~~
test.c:41:1: note: use 'struct' keyword to refer to the type
test.c: In function 'initializeMap':
test.c:43:15: error: 'map' undeclared (first use in this function)
     HashMap * map = (HashMap *)malloc(sizeof(HashMap));
               ^~~
test.c:43:15: note: each undeclared identifier is reported only once for each function it appears in
test.c:43:31: error: expected expression before ')' token
     HashMap * map = (HashMap *)malloc(sizeof(HashMap));
                               ^
test.c:48:9: error: variable 'hashs' set but not used [-Werror=unused-but-set-variable]
     int hashs[6]={8,7,6,0,4,2}; //using function in hashmap.c
         ^~~~~
test.c: In function 'createMap_test1':
test.c:65:14: error: 'map' undeclared (first use in this function)
     HashMap *map= createMap(10);
              ^~~
test.c: In function 'createMap_test2':
test.c:76:14: error: 'map' undeclared (first use in this function)
     HashMap *map = createMap(10);
              ^~~
test.c: In function 'createMap_test3':
test.c:84:14: error: 'map' undeclared (first use in this function)
     HashMap *map = createMap(10);
              ^~~
test.c: In function 'insert_test1':
test.c:139:14: error: 'map' undeclared (first use in this function)
     HashMap *map = initializeMap();
              ^~~
test.c: In function 'insert_test2':
test.c:169:14: error: 'map' undeclared (first use in this function)
     HashMap *map = initializeMap();
              ^~~
test.c: In function 'insert_test3':
test.c:180:14: error: 'map' undeclared (first use in this function)
     HashMap *map = initializeMap();
              ^~~
test.c: In function 'insert_test4':
test.c:193:14: error: 'map' undeclared (first use in this function)
     HashMap *map = initializeMap();
              ^~~
test.c: In function 'insert_test5':
test.c:218:14: error: 'map' undeclared (first use in this function)
     HashMap *map = initializeMap();
              ^~~
test.c: In function 'search_test1':
test.c:234:14: error: 'map' undeclared (first use in this function)
     HashMap *map = initializeMap();
              ^~~
test.c: In function 'search_test2':
test.c:257:14: error: 'map' undeclared (first use in this function)
     HashMap *map = initializeMap();
              ^~~
test.c: In function 'search_test3':
test.c:277:14: error: 'map' undeclared (first use in this function)
     HashMap *map = initializeMap();
              ^~~
test.c: In function 'erase_test1':
test.c:290:14: error: 'map' undeclared (first use in this function)
     HashMap *map = initializeMap();
              ^~~
test.c: In function 'erase_test2':
test.c:315:14: error: 'map' undeclared (first use in this function)
     HashMap *map = initializeMap();
              ^~~
test.c: In function 'erase_test3':
test.c:331:14: error: 'map' undeclared (first use in this function)
     HashMap *map = initializeMap();
              ^~~
test.c: In function 'first_test':
test.c:346:14: error: 'map' undeclared (first use in this function)
     HashMap *map = initializeMap();
              ^~~
test.c: In function 'next_test':
test.c:390:14: error: 'map' undeclared (first use in this function)
     HashMap *map = initializeMap();
              ^~~
test.c: In function 'enlarge_test':
test.c:426:14: error: 'map' undeclared (first use in this function)
     HashMap *map = initializeMap();
              ^~~
test.c: In function 'initializeMap':
test.c:60:1: error: control reaches end of non-void function [-Werror=return-type]
 }
 ^
cc1.exe: all warnings being treated as errors
233e7d6
Wed, Apr 16, 2025  8:46:41 AM: 
Compilation failed
In file included from test.c:4:0:
hashmap.c:12:6: error: expected '=', ',', ';', 'asm' or '__attribute__' before 'struct'
 type struct
      ^~~~~~
hashmap.c:18:3: error: 'HashMap' redeclared as different kind of symbol
 } HashMap;
   ^~~~~~~
hashmap.c:9:24: note: previous declaration of 'HashMap' was here
 typedef struct HashMap HashMap;
                        ^~~~~~~
hashmap.c:43:16: error: expected declaration specifiers or '...' before 'HashMap'
 void insertMap(HashMap * map, char * key, void * value)
                ^~~~~~~
hashmap.c:55:14: error: expected declaration specifiers or '...' before 'HashMap'
 void enlarge(HashMap * map) {
              ^~~~~~~
hashmap.c:62:1: error: unknown type name 'HashMap'
 HashMap * createMap(long capacity) {
 ^~~~~~~
hashmap.c:62:1: note: use 'struct' keyword to refer to the type
hashmap.c:62:11: error: conflicting types for 'createMap'
 HashMap * createMap(long capacity) {
           ^~~~~~~~~
In file included from hashmap.c:6:0,
                 from test.c:4:
hashmap.h:20:11: note: previous declaration of 'createMap' was here
 HashMap * createMap(long capacity);
           ^~~~~~~~~
In file included from test.c:4:0:
hashmap.c:68:15: error: expected declaration specifiers or '...' before 'HashMap'
 void eraseMap(HashMap * map,  char * key) {
               ^~~~~~~
hashmap.c:73:18: error: expected declaration specifiers or '...' before 'HashMap'
 Pair * searchMap(HashMap * map,  char * key) {
                  ^~~~~~~
hashmap.c:79:17: error: expected declaration specifiers or '...' before 'HashMap'
 Pair * firstMap(HashMap * map) {
                 ^~~~~~~
hashmap.c:84:16: error: expected declaration specifiers or '...' before 'HashMap'
 Pair * nextMap(HashMap * map) {
                ^~~~~~~
test.c:41:1: error: unknown type name 'HashMap'
 HashMap* initializeMap(){
 ^~~~~~~
test.c:41:1: note: use 'struct' keyword to refer to the type
test.c: In function 'initializeMap':
test.c:43:15: error: 'map' undeclared (first use in this function)
     HashMap * map = (HashMap *)malloc(sizeof(HashMap));
               ^~~
test.c:43:15: note: each undeclared identifier is reported only once for each function it appears in
test.c:43:31: error: expected expression before ')' token
     HashMap * map = (HashMap *)malloc(sizeof(HashMap));
                               ^
test.c:48:9: error: variable 'hashs' set but not used [-Werror=unused-but-set-variable]
     int hashs[6]={8,7,6,0,4,2}; //using function in hashmap.c
         ^~~~~
test.c: In function 'createMap_test1':
test.c:65:14: error: 'map' undeclared (first use in this function)
     HashMap *map= createMap(10);
              ^~~
test.c: In function 'createMap_test2':
test.c:76:14: error: 'map' undeclared (first use in this function)
     HashMap *map = createMap(10);
              ^~~
test.c: In function 'createMap_test3':
test.c:84:14: error: 'map' undeclared (first use in this function)
     HashMap *map = createMap(10);
              ^~~
test.c: In function 'insert_test1':
test.c:139:14: error: 'map' undeclared (first use in this function)
     HashMap *map = initializeMap();
              ^~~
test.c: In function 'insert_test2':
test.c:169:14: error: 'map' undeclared (first use in this function)
     HashMap *map = initializeMap();
              ^~~
test.c: In function 'insert_test3':
test.c:180:14: error: 'map' undeclared (first use in this function)
     HashMap *map = initializeMap();
              ^~~
test.c: In function 'insert_test4':
test.c:193:14: error: 'map' undeclared (first use in this function)
     HashMap *map = initializeMap();
              ^~~
test.c: In function 'insert_test5':
test.c:218:14: error: 'map' undeclared (first use in this function)
     HashMap *map = initializeMap();
              ^~~
test.c: In function 'search_test1':
test.c:234:14: error: 'map' undeclared (first use in this function)
     HashMap *map = initializeMap();
              ^~~
test.c: In function 'search_test2':
test.c:257:14: error: 'map' undeclared (first use in this function)
     HashMap *map = initializeMap();
              ^~~
test.c: In function 'search_test3':
test.c:277:14: error: 'map' undeclared (first use in this function)
     HashMap *map = initializeMap();
              ^~~
test.c: In function 'erase_test1':
test.c:290:14: error: 'map' undeclared (first use in this function)
     HashMap *map = initializeMap();
              ^~~
test.c: In function 'erase_test2':
test.c:315:14: error: 'map' undeclared (first use in this function)
     HashMap *map = initializeMap();
              ^~~
test.c: In function 'erase_test3':
test.c:331:14: error: 'map' undeclared (first use in this function)
     HashMap *map = initializeMap();
              ^~~
test.c: In function 'first_test':
test.c:346:14: error: 'map' undeclared (first use in this function)
     HashMap *map = initializeMap();
              ^~~
test.c: In function 'next_test':
test.c:390:14: error: 'map' undeclared (first use in this function)
     HashMap *map = initializeMap();
              ^~~
test.c: In function 'enlarge_test':
test.c:426:14: error: 'map' undeclared (first use in this function)
     HashMap *map = initializeMap();
              ^~~
test.c: In function 'initializeMap':
test.c:60:1: error: control reaches end of non-void function [-Werror=return-type]
 }
 ^
cc1.exe: all warnings being treated as errors
a453ced
Wed, Apr 16, 2025  8:51:51 AM: 
 hashmap.c | 27 ++++++++++++++++++---------
 1 file changed, 18 insertions(+), 9 deletions(-)
 tests:  4|5
total_score: 20/70
3cf6ed0
Wed, Apr 16, 2025  8:53:26 AM: 
 hashmap.c | 9 ++++++++-
 1 file changed, 8 insertions(+), 1 deletion(-)
 tests:  4|5
total_score: 20/70
61a35ab
Wed, Apr 16, 2025  8:57:13 AM: 
 hashmap.c | 6 +++---
 1 file changed, 3 insertions(+), 3 deletions(-)
 tests:  4|5
total_score: 20/70
37893b9
Wed, Apr 16, 2025  8:58:14 AM: 
 hashmap.c | 1 +
 1 file changed, 1 insertion(+)
 tests:  5|4
total_score: 30/70
8be0e21
Wed, Apr 16, 2025  8:59:12 AM: 
 hashmap.c | 1 +
 1 file changed, 1 insertion(+)
 tests:  5|4
total_score: 30/70
8a82ed6
Wed, Apr 16, 2025  9:04:44 AM: 
 hashmap.c | 4 ++++
 1 file changed, 4 insertions(+)
 tests:  5|4
total_score: 30/70
be0396e
Wed, Apr 16, 2025  9:15:59 AM: 
 hashmap.c | 10 +++++++++-
 1 file changed, 9 insertions(+), 1 deletion(-)
 tests:  6|4
total_score: 30/70
7217fed
Wed, Apr 16, 2025  9:17:28 AM: 
 hashmap.c | 3 ++-
 1 file changed, 2 insertions(+), 1 deletion(-)
 tests:  7|4
total_score: 30/70
816643e
vi., 18 de abr. de 2025  2:13:18: 
 hashmap.c | 3 ++-
 1 file changed, 2 insertions(+), 1 deletion(-)
 tests:  7|4
total_score: 30/70
8450763
vi., 18 de abr. de 2025  2:18:52: 
 hashmap.c | 13 ++++++++++++-
 1 file changed, 12 insertions(+), 1 deletion(-)
 tests:  10|3
total_score: 40/70
d801b4e
sá., 19 de abr. de 2025 16:15:49: 
 hashmap.c | 4 +++-
 1 file changed, 3 insertions(+), 1 deletion(-)
 tests:  10|3
total_score: 40/70
321e7e8
sá., 19 de abr. de 2025 17:13:17: 
 tests:  10|3
total_score: 40/70
043ffde
sá., 19 de abr. de 2025 17:18:09: 
 hashmap.c | 20 ++++++++++++++++++++
 1 file changed, 20 insertions(+)
Compilation failed
test.c: In function 'searchMap':
test.c:453:5: error: 'main' is normally a non-static function [-Werror=main]
 int main( int argc, char *argv[] ) {
     ^~~~
test.c:511:1: error: expected declaration or statement at end of input
 }
 ^
test.c:511:1: error: control reaches end of non-void function [-Werror=return-type]
 }
 ^
At top level:
test.c:453:5: error: 'main' defined but not used [-Werror=unused-function]
 int main( int argc, char *argv[] ) {
     ^~~~
test.c:217:5: error: 'insert_test5' defined but not used [-Werror=unused-function]
 int insert_test5(){ //factor de carga>0.7, se llama a función enlarge
     ^~~~~~~~~~~~
test.c:131:6: error: 'compare_test' defined but not used [-Werror=unused-function]
 void compare_test(){
      ^~~~~~~~~~~~
test.c:125:6: error: 'hash_test3' defined but not used [-Werror=unused-function]
 void hash_test3(){ //no random
      ^~~~~~~~~~
test.c:111:6: error: 'hash_test2' defined but not used [-Werror=unused-function]
 void hash_test2(){ // colisiones
      ^~~~~~~~~~
test.c:100:6: error: 'hash_test1' defined but not used [-Werror=unused-function]
 void hash_test1(){ // posición válida
      ^~~~~~~~~~
cc1.exe: all warnings being treated as errors
8e93c6c
sá., 19 de abr. de 2025 17:18:19: 
Compilation failed
test.c: In function 'searchMap':
test.c:453:5: error: 'main' is normally a non-static function [-Werror=main]
 int main( int argc, char *argv[] ) {
     ^~~~
test.c:511:1: error: expected declaration or statement at end of input
 }
 ^
test.c:511:1: error: control reaches end of non-void function [-Werror=return-type]
 }
 ^
At top level:
test.c:453:5: error: 'main' defined but not used [-Werror=unused-function]
 int main( int argc, char *argv[] ) {
     ^~~~
test.c:217:5: error: 'insert_test5' defined but not used [-Werror=unused-function]
 int insert_test5(){ //factor de carga>0.7, se llama a función enlarge
     ^~~~~~~~~~~~
test.c:131:6: error: 'compare_test' defined but not used [-Werror=unused-function]
 void compare_test(){
      ^~~~~~~~~~~~
test.c:125:6: error: 'hash_test3' defined but not used [-Werror=unused-function]
 void hash_test3(){ //no random
      ^~~~~~~~~~
test.c:111:6: error: 'hash_test2' defined but not used [-Werror=unused-function]
 void hash_test2(){ // colisiones
      ^~~~~~~~~~
test.c:100:6: error: 'hash_test1' defined but not used [-Werror=unused-function]
 void hash_test1(){ // posición válida
      ^~~~~~~~~~
cc1.exe: all warnings being treated as errors
a4acfcc
sá., 19 de abr. de 2025 17:21:19: 
Compilation failed
test.c: In function 'searchMap':
test.c:453:5: error: 'main' is normally a non-static function [-Werror=main]
 int main( int argc, char *argv[] ) {
     ^~~~
test.c:511:1: error: expected declaration or statement at end of input
 }
 ^
test.c:511:1: error: control reaches end of non-void function [-Werror=return-type]
 }
 ^
At top level:
test.c:453:5: error: 'main' defined but not used [-Werror=unused-function]
 int main( int argc, char *argv[] ) {
     ^~~~
test.c:217:5: error: 'insert_test5' defined but not used [-Werror=unused-function]
 int insert_test5(){ //factor de carga>0.7, se llama a función enlarge
     ^~~~~~~~~~~~
test.c:131:6: error: 'compare_test' defined but not used [-Werror=unused-function]
 void compare_test(){
      ^~~~~~~~~~~~
test.c:125:6: error: 'hash_test3' defined but not used [-Werror=unused-function]
 void hash_test3(){ //no random
      ^~~~~~~~~~
test.c:111:6: error: 'hash_test2' defined but not used [-Werror=unused-function]
 void hash_test2(){ // colisiones
      ^~~~~~~~~~
test.c:100:6: error: 'hash_test1' defined but not used [-Werror=unused-function]
 void hash_test1(){ // posición válida
      ^~~~~~~~~~
cc1.exe: all warnings being treated as errors
8808314
sá., 19 de abr. de 2025 17:21:29: 
 hashmap.c | 9 +++------
 1 file changed, 3 insertions(+), 6 deletions(-)
 tests:  13|2
total_score: 50/70
1028b40
do., 20 de abr. de 2025 19:06:03: 
 hashmap.c | 29 ++++++++++++++++++++++++++++-
 1 file changed, 28 insertions(+), 1 deletion(-)
 tests:  14|1
total_score: 60/70
975e928
do., 20 de abr. de 2025 19:07:57: 
 hashmap.c | 18 ++++++++++++++++++
 1 file changed, 18 insertions(+)
Compilation failed
In file included from test.c:4:0:
hashmap.c: In function 'eraseMap':
hashmap.c:127:32: error: 'return' with a value, in function returning void [-Werror]
             return map->buckets[buscar];
                    ~~~~~~~~~~~~^~~~~~~~
hashmap.c:118:6: note: declared here
 void eraseMap(HashMap * map,  char * key)
      ^~~~~~~~
cc1.exe: all warnings being treated as errors
88b0167
do., 20 de abr. de 2025 19:08:58: 
 hashmap.c | 5 +++--
 1 file changed, 3 insertions(+), 2 deletions(-)
 tests:  17|0
total_score: 70/70
8230ca4
